	Exporter version: 4.6.1, Blender version: 2.78 (sub 0)
========= Conversion from Blender to Babylon.js =========
	Scene settings used:
		selected layers only:  false
		flat shading entire scene:  false
		inline textures:  false
		texture directory:  D:\wamp64\www\mountain-diamond-blaz\assets\
	Python World class constructor completed
	processing begun of mesh:  Plane
		processing begun of Standard material:  Green
		processing begun of Standard material:  brown
		processing begun of Standard material:  white
		processing begun of multimaterial:  block.Multimaterial#0
		num positions      :  134
		num normals        :  134
		num uvs            :  0
		num uvs2           :  0
		num colors         :  0
		num indices        :  498
	processing begun of camera (FreeCamera):  Camera
	processing begun of light (SUN):  Lamp
========= Writing of scene file started =========
========= Writing of scene file completed =========
========= end of processing =========
elapsed time:  0 min, 0.0155 secs
