	Exporter version: 4.6.1, Blender version: 2.78 (sub 0)
========= Conversion from Blender to Babylon.js =========
	Scene settings used:
		selected layers only:  false
		flat shading entire scene:  false
		inline textures:  false
		texture directory:  D:\Downloads\mountain-diamond-blaz\assets\
	Python World class constructor completed
	processing begun of mesh:  Icosphere.011
		processing begun of baked material:  Icosphere.011
========= An error was encountered =========
  File "C:\Users\urosv\AppData\Roaming\Blender Foundation\Blender\2.78\scripts\addons\io_export_babylon.py", line 330, in execute
    mesh = Mesh(object, scene, nextStartFace, forcedParent, nameID, self)
  File "C:\Users\urosv\AppData\Roaming\Blender Foundation\Blender\2.78\scripts\addons\io_export_babylon.py", line 787, in __init__
    bakedMat = BakedMaterial(exporter, object, recipe)
  File "C:\Users\urosv\AppData\Roaming\Blender Foundation\Blender\2.78\scripts\addons\io_export_babylon.py", line 2106, in __init__
    bpy.ops.mesh.select_all(action='SELECT')
  File "D:\Program Files\Blender\2.78\scripts\modules\bpy\ops.py", line 189, in __call__
    ret = op_call(self.idname_py(), None, kw)
ERROR:  Operator bpy.ops.mesh.select_all.poll() failed, context is incorrect
========= end of processing =========
elapsed time:  0 min, 0.002 secs
