	Exporter version: 4.6.1, Blender version: 2.78 (sub 0)
========= Conversion from Blender to Babylon.js =========
	Scene settings used:
		selected layers only:  false
		flat shading entire scene:  false
		inline textures:  false
		texture directory:  E:\xampp\htdocs\1211bmd\mountain-diamond-blaz\assets\
	Python World class constructor completed
	processing begun of mesh:  Cylinder
		processing begun of Standard material:  Leaves
		processing begun of Standard material:  Bark
		processing begun of multimaterial:  lowpolytree.Multimaterial#0
		num positions      :  144
		num normals        :  144
		num uvs            :  0
		num uvs2           :  0
		num colors         :  0
		num indices        :  840
	processing begun of camera (FreeCamera):  Camera
	processing begun of light (POINT):  Lamp
========= Writing of scene file started =========
========= Writing of scene file completed =========
========= end of processing =========
elapsed time:  0 min, 0.1563 secs
