	Exporter version: 4.6.1, Blender version: 2.78 (sub 0)
========= Conversion from Blender to Babylon.js =========
	Scene settings used:
		selected layers only:  false
		flat shading entire scene:  false
		inline textures:  false
		texture directory:  D:\Downloads\mountain-diamond-blaz\assets\
	Python World class constructor completed
	processing begun of mesh:  Sahne
		processing begun of Standard material:  Zemin
		processing begun of Standard material:  Dag
		processing begun of Standard material:  Kar
		processing begun of Standard material:  Arkaplan.001
		processing begun of multimaterial:  mountain.Multimaterial#0
		num positions      :  36
		num normals        :  36
		num uvs            :  0
		num uvs2           :  0
		num colors         :  0
		num indices        :  93
	processing begun of camera (FreeCamera):  Camera
	processing begun of light (POINT):  Lamp
========= Writing of scene file started =========
========= Writing of scene file completed =========
========= end of processing =========
elapsed time:  0 min, 0.0115 secs
