	Exporter version: 4.6.1, Blender version: 2.78 (sub 0)
========= Conversion from Blender to Babylon.js =========
	Scene settings used:
		selected layers only:  false
		flat shading entire scene:  false
		inline textures:  false
		texture directory:  E:\xampp\htdocs\1211bmd\mountain-diamond-blaz\assets\
	Python World class constructor completed
	processing begun of mesh:  Illuminati
		processing begun of Standard material:  Mat1
		num positions      :  591
		num normals        :  591
		num uvs            :  1182
		num uvs2           :  0
		num colors         :  0
		num indices        :  3042
	processing begun of mesh:  Null
		WARNING: No materials have been assigned: 
		num positions      :  0
		num normals        :  0
		num uvs            :  0
		num uvs2           :  0
		num colors         :  0
		num indices        :  0
	processing begun of camera (FreeCamera):  Camera
	processing begun of light (POINT):  Lamp
========= Writing of scene file started =========
========= Writing of scene file completed =========
========= end of processing =========
elapsed time:  0 min, 0.0613 secs
